===== Job Start =====
Mon May 12 10:37:21 PM CEST 2025
Node: wn208.arnes.si
CPUs requested: 12
Memory requested: 8192 MB
Mon May 12 22:37:21 2025       
+-----------------------------------------------------------------------------------------+
| NVIDIA-SMI 570.86.15              Driver Version: 570.86.15      CUDA Version: 12.8     |
|-----------------------------------------+------------------------+----------------------+
| GPU  Name                 Persistence-M | Bus-Id          Disp.A | Volatile Uncorr. ECC |
| Fan  Temp   Perf          Pwr:Usage/Cap |           Memory-Usage | GPU-Util  Compute M. |
|                                         |                        |               MIG M. |
|=========================================+========================+======================|
|   0  Tesla V100S-PCIE-32GB          On  |   00000000:81:00.0 Off |                    0 |
| N/A   30C    P0             25W /  250W |       1MiB /  32768MiB |      0%      Default |
|                                         |                        |                  N/A |
+-----------------------------------------+------------------------+----------------------+
                                                                                         
+-----------------------------------------------------------------------------------------+
| Processes:                                                                              |
|  GPU   GI   CI              PID   Type   Process name                        GPU Memory |
|        ID   ID                                                               Usage      |
|=========================================================================================|
|  No running processes found                                                             |
+-----------------------------------------------------------------------------------------+
--- Configuration ---
Source:         gray_scott_cuda_video.cu
Executable:     gray_scott_cuda_video
Grid Size:      256x256
Steps:          15000
Feed (F):       0.030
Kill (k):       0.060
Pattern Name:   Solitons_Video
Frame Interval: 50
Frame Dir:      frames_Solitons_Video_N256_F0.030_k0.060
Video Out:      Solitons_Video_N256_F0.030_k0.060_steps15000_fps30.mp4
Video FPS:      30
---------------------
--- Loading Modules ---
---------------------
--- Compiling CUDA Code ---
Compilation Successful.
---------------------
--- Running CUDA Simulation (Frame Generation) ---
INFO: Running CUDA Gray-Scott Video Frame Generation
      N=256, Steps=15000, F=0.0300, k=0.0600, Pattern=Solitons_Video, Interval=50
INFO: Frame directory 'frames_Solitons_Video_N256_F0.030_k0.060' already exists. Overwriting frames.
INFO: Starting simulation loop...
INFO: Saving frame 0 (step 0)...
INFO: Saving frame 1 (step 50)...
INFO: Saving frame 2 (step 100)...
INFO: Saving frame 3 (step 150)...
INFO: Saving frame 4 (step 200)...
INFO: Saving frame 5 (step 250)...
INFO: Saving frame 6 (step 300)...
INFO: Saving frame 7 (step 350)...
INFO: Saving frame 8 (step 400)...
INFO: Saving frame 9 (step 450)...
INFO: Saving frame 10 (step 500)...
INFO: Saving frame 11 (step 550)...
INFO: Saving frame 12 (step 600)...
INFO: Saving frame 13 (step 650)...
INFO: Saving frame 14 (step 700)...
INFO: Saving frame 15 (step 750)...
INFO: Saving frame 16 (step 800)...
INFO: Saving frame 17 (step 850)...
INFO: Saving frame 18 (step 900)...
INFO: Saving frame 19 (step 950)...
INFO: Saving frame 20 (step 1000)...
INFO: Saving frame 21 (step 1050)...
INFO: Saving frame 22 (step 1100)...
INFO: Saving frame 23 (step 1150)...
INFO: Saving frame 24 (step 1200)...
INFO: Saving frame 25 (step 1250)...
INFO: Saving frame 26 (step 1300)...
INFO: Saving frame 27 (step 1350)...
INFO: Saving frame 28 (step 1400)...
INFO: Saving frame 29 (step 1450)...
INFO: Saving frame 30 (step 1500)...
INFO: Saving frame 31 (step 1550)...
INFO: Saving frame 32 (step 1600)...
INFO: Saving frame 33 (step 1650)...
INFO: Saving frame 34 (step 1700)...
INFO: Saving frame 35 (step 1750)...
INFO: Saving frame 36 (step 1800)...
INFO: Saving frame 37 (step 1850)...
INFO: Saving frame 38 (step 1900)...
INFO: Saving frame 39 (step 1950)...
INFO: Saving frame 40 (step 2000)...
INFO: Saving frame 41 (step 2050)...
INFO: Saving frame 42 (step 2100)...
INFO: Saving frame 43 (step 2150)...
INFO: Saving frame 44 (step 2200)...
INFO: Saving frame 45 (step 2250)...
INFO: Saving frame 46 (step 2300)...
INFO: Saving frame 47 (step 2350)...
INFO: Saving frame 48 (step 2400)...
INFO: Saving frame 49 (step 2450)...
INFO: Saving frame 50 (step 2500)...
INFO: Saving frame 51 (step 2550)...
INFO: Saving frame 52 (step 2600)...
INFO: Saving frame 53 (step 2650)...
INFO: Saving frame 54 (step 2700)...
INFO: Saving frame 55 (step 2750)...
INFO: Saving frame 56 (step 2800)...
INFO: Saving frame 57 (step 2850)...
INFO: Saving frame 58 (step 2900)...
INFO: Saving frame 59 (step 2950)...
INFO: Saving frame 60 (step 3000)...
INFO: Saving frame 61 (step 3050)...
INFO: Saving frame 62 (step 3100)...
INFO: Saving frame 63 (step 3150)...
INFO: Saving frame 64 (step 3200)...
INFO: Saving frame 65 (step 3250)...
INFO: Saving frame 66 (step 3300)...
INFO: Saving frame 67 (step 3350)...
INFO: Saving frame 68 (step 3400)...
INFO: Saving frame 69 (step 3450)...
INFO: Saving frame 70 (step 3500)...
INFO: Saving frame 71 (step 3550)...
INFO: Saving frame 72 (step 3600)...
INFO: Saving frame 73 (step 3650)...
INFO: Saving frame 74 (step 3700)...
INFO: Saving frame 75 (step 3750)...
INFO: Saving frame 76 (step 3800)...
INFO: Saving frame 77 (step 3850)...
INFO: Saving frame 78 (step 3900)...
INFO: Saving frame 79 (step 3950)...
INFO: Saving frame 80 (step 4000)...
INFO: Saving frame 81 (step 4050)...
INFO: Saving frame 82 (step 4100)...
INFO: Saving frame 83 (step 4150)...
INFO: Saving frame 84 (step 4200)...
INFO: Saving frame 85 (step 4250)...
INFO: Saving frame 86 (step 4300)...
INFO: Saving frame 87 (step 4350)...
INFO: Saving frame 88 (step 4400)...
INFO: Saving frame 89 (step 4450)...
INFO: Saving frame 90 (step 4500)...
INFO: Saving frame 91 (step 4550)...
INFO: Saving frame 92 (step 4600)...
INFO: Saving frame 93 (step 4650)...
INFO: Saving frame 94 (step 4700)...
INFO: Saving frame 95 (step 4750)...
INFO: Saving frame 96 (step 4800)...
INFO: Saving frame 97 (step 4850)...
INFO: Saving frame 98 (step 4900)...
INFO: Saving frame 99 (step 4950)...
INFO: Saving frame 100 (step 5000)...
INFO: Saving frame 101 (step 5050)...
INFO: Saving frame 102 (step 5100)...
INFO: Saving frame 103 (step 5150)...
INFO: Saving frame 104 (step 5200)...
INFO: Saving frame 105 (step 5250)...
INFO: Saving frame 106 (step 5300)...
INFO: Saving frame 107 (step 5350)...
INFO: Saving frame 108 (step 5400)...
INFO: Saving frame 109 (step 5450)...
INFO: Saving frame 110 (step 5500)...
INFO: Saving frame 111 (step 5550)...
INFO: Saving frame 112 (step 5600)...
INFO: Saving frame 113 (step 5650)...
INFO: Saving frame 114 (step 5700)...
INFO: Saving frame 115 (step 5750)...
INFO: Saving frame 116 (step 5800)...
INFO: Saving frame 117 (step 5850)...
INFO: Saving frame 118 (step 5900)...
INFO: Saving frame 119 (step 5950)...
INFO: Saving frame 120 (step 6000)...
INFO: Saving frame 121 (step 6050)...
INFO: Saving frame 122 (step 6100)...
INFO: Saving frame 123 (step 6150)...
INFO: Saving frame 124 (step 6200)...
INFO: Saving frame 125 (step 6250)...
INFO: Saving frame 126 (step 6300)...
INFO: Saving frame 127 (step 6350)...
INFO: Saving frame 128 (step 6400)...
INFO: Saving frame 129 (step 6450)...
INFO: Saving frame 130 (step 6500)...
INFO: Saving frame 131 (step 6550)...
INFO: Saving frame 132 (step 6600)...
INFO: Saving frame 133 (step 6650)...
INFO: Saving frame 134 (step 6700)...
INFO: Saving frame 135 (step 6750)...
INFO: Saving frame 136 (step 6800)...
INFO: Saving frame 137 (step 6850)...
INFO: Saving frame 138 (step 6900)...
INFO: Saving frame 139 (step 6950)...
INFO: Saving frame 140 (step 7000)...
INFO: Saving frame 141 (step 7050)...
INFO: Saving frame 142 (step 7100)...
INFO: Saving frame 143 (step 7150)...
INFO: Saving frame 144 (step 7200)...
INFO: Saving frame 145 (step 7250)...
INFO: Saving frame 146 (step 7300)...
INFO: Saving frame 147 (step 7350)...
INFO: Saving frame 148 (step 7400)...
INFO: Saving frame 149 (step 7450)...
INFO: Saving frame 150 (step 7500)...
INFO: Saving frame 151 (step 7550)...
INFO: Saving frame 152 (step 7600)...
INFO: Saving frame 153 (step 7650)...
INFO: Saving frame 154 (step 7700)...
INFO: Saving frame 155 (step 7750)...
INFO: Saving frame 156 (step 7800)...
INFO: Saving frame 157 (step 7850)...
INFO: Saving frame 158 (step 7900)...
INFO: Saving frame 159 (step 7950)...
INFO: Saving frame 160 (step 8000)...
INFO: Saving frame 161 (step 8050)...
INFO: Saving frame 162 (step 8100)...
INFO: Saving frame 163 (step 8150)...
INFO: Saving frame 164 (step 8200)...
INFO: Saving frame 165 (step 8250)...
INFO: Saving frame 166 (step 8300)...
INFO: Saving frame 167 (step 8350)...
INFO: Saving frame 168 (step 8400)...
INFO: Saving frame 169 (step 8450)...
INFO: Saving frame 170 (step 8500)...
INFO: Saving frame 171 (step 8550)...
INFO: Saving frame 172 (step 8600)...
INFO: Saving frame 173 (step 8650)...
INFO: Saving frame 174 (step 8700)...
INFO: Saving frame 175 (step 8750)...
INFO: Saving frame 176 (step 8800)...
INFO: Saving frame 177 (step 8850)...
INFO: Saving frame 178 (step 8900)...
INFO: Saving frame 179 (step 8950)...
INFO: Saving frame 180 (step 9000)...
INFO: Saving frame 181 (step 9050)...
INFO: Saving frame 182 (step 9100)...
INFO: Saving frame 183 (step 9150)...
INFO: Saving frame 184 (step 9200)...
INFO: Saving frame 185 (step 9250)...
INFO: Saving frame 186 (step 9300)...
INFO: Saving frame 187 (step 9350)...
INFO: Saving frame 188 (step 9400)...
INFO: Saving frame 189 (step 9450)...
INFO: Saving frame 190 (step 9500)...
INFO: Saving frame 191 (step 9550)...
INFO: Saving frame 192 (step 9600)...
INFO: Saving frame 193 (step 9650)...
INFO: Saving frame 194 (step 9700)...
INFO: Saving frame 195 (step 9750)...
INFO: Saving frame 196 (step 9800)...
INFO: Saving frame 197 (step 9850)...
INFO: Saving frame 198 (step 9900)...
INFO: Saving frame 199 (step 9950)...
INFO: Saving frame 200 (step 10000)...
INFO: Saving frame 201 (step 10050)...
INFO: Saving frame 202 (step 10100)...
INFO: Saving frame 203 (step 10150)...
INFO: Saving frame 204 (step 10200)...
INFO: Saving frame 205 (step 10250)...
INFO: Saving frame 206 (step 10300)...
INFO: Saving frame 207 (step 10350)...
INFO: Saving frame 208 (step 10400)...
INFO: Saving frame 209 (step 10450)...
INFO: Saving frame 210 (step 10500)...
INFO: Saving frame 211 (step 10550)...
INFO: Saving frame 212 (step 10600)...
INFO: Saving frame 213 (step 10650)...
INFO: Saving frame 214 (step 10700)...
INFO: Saving frame 215 (step 10750)...
INFO: Saving frame 216 (step 10800)...
INFO: Saving frame 217 (step 10850)...
INFO: Saving frame 218 (step 10900)...
INFO: Saving frame 219 (step 10950)...
INFO: Saving frame 220 (step 11000)...
INFO: Saving frame 221 (step 11050)...
INFO: Saving frame 222 (step 11100)...
INFO: Saving frame 223 (step 11150)...
INFO: Saving frame 224 (step 11200)...
INFO: Saving frame 225 (step 11250)...
INFO: Saving frame 226 (step 11300)...
INFO: Saving frame 227 (step 11350)...
INFO: Saving frame 228 (step 11400)...
INFO: Saving frame 229 (step 11450)...
INFO: Saving frame 230 (step 11500)...
INFO: Saving frame 231 (step 11550)...
INFO: Saving frame 232 (step 11600)...
INFO: Saving frame 233 (step 11650)...
INFO: Saving frame 234 (step 11700)...
INFO: Saving frame 235 (step 11750)...
INFO: Saving frame 236 (step 11800)...
INFO: Saving frame 237 (step 11850)...
INFO: Saving frame 238 (step 11900)...
INFO: Saving frame 239 (step 11950)...
INFO: Saving frame 240 (step 12000)...
INFO: Saving frame 241 (step 12050)...
INFO: Saving frame 242 (step 12100)...
INFO: Saving frame 243 (step 12150)...
INFO: Saving frame 244 (step 12200)...
INFO: Saving frame 245 (step 12250)...
INFO: Saving frame 246 (step 12300)...
INFO: Saving frame 247 (step 12350)...
INFO: Saving frame 248 (step 12400)...
INFO: Saving frame 249 (step 12450)...
INFO: Saving frame 250 (step 12500)...
INFO: Saving frame 251 (step 12550)...
INFO: Saving frame 252 (step 12600)...
INFO: Saving frame 253 (step 12650)...
INFO: Saving frame 254 (step 12700)...
INFO: Saving frame 255 (step 12750)...
INFO: Saving frame 256 (step 12800)...
INFO: Saving frame 257 (step 12850)...
INFO: Saving frame 258 (step 12900)...
INFO: Saving frame 259 (step 12950)...
INFO: Saving frame 260 (step 13000)...
INFO: Saving frame 261 (step 13050)...
INFO: Saving frame 262 (step 13100)...
INFO: Saving frame 263 (step 13150)...
INFO: Saving frame 264 (step 13200)...
INFO: Saving frame 265 (step 13250)...
INFO: Saving frame 266 (step 13300)...
INFO: Saving frame 267 (step 13350)...
INFO: Saving frame 268 (step 13400)...
INFO: Saving frame 269 (step 13450)...
INFO: Saving frame 270 (step 13500)...
INFO: Saving frame 271 (step 13550)...
INFO: Saving frame 272 (step 13600)...
INFO: Saving frame 273 (step 13650)...
INFO: Saving frame 274 (step 13700)...
INFO: Saving frame 275 (step 13750)...
INFO: Saving frame 276 (step 13800)...
INFO: Saving frame 277 (step 13850)...
INFO: Saving frame 278 (step 13900)...
INFO: Saving frame 279 (step 13950)...
INFO: Saving frame 280 (step 14000)...
INFO: Saving frame 281 (step 14050)...
INFO: Saving frame 282 (step 14100)...
INFO: Saving frame 283 (step 14150)...
INFO: Saving frame 284 (step 14200)...
INFO: Saving frame 285 (step 14250)...
INFO: Saving frame 286 (step 14300)...
INFO: Saving frame 287 (step 14350)...
INFO: Saving frame 288 (step 14400)...
INFO: Saving frame 289 (step 14450)...
INFO: Saving frame 290 (step 14500)...
INFO: Saving frame 291 (step 14550)...
INFO: Saving frame 292 (step 14600)...
INFO: Saving frame 293 (step 14650)...
INFO: Saving frame 294 (step 14700)...
INFO: Saving frame 295 (step 14750)...
INFO: Saving frame 296 (step 14800)...
INFO: Saving frame 297 (step 14850)...
INFO: Saving frame 298 (step 14900)...
INFO: Saving frame 299 (step 14950)...
INFO: Simulation loop finished. Total time: 16.075 s.
INFO: 300 frames saved in directory: frames_Solitons_Video_N256_F0.030_k0.060
INFO: CUDA frame generation finished successfully.
CUDA Simulation Finished.
---------------------
--- Checking Frames ---
Found 300 frames in 'frames_Solitons_Video_N256_F0.030_k0.060'.
---------------------
--- Running FFmpeg (Video Creation) ---
Command: ffmpeg -y -framerate 30 -i frames_Solitons_Video_N256_F0.030_k0.060/frame_%05d.ppm -c:v libx264 -pix_fmt yuv420p -threads 12 Solitons_Video_N256_F0.030_k0.060_steps15000_fps30.mp4
FFmpeg Finished Successfully.
Video saved as: Solitons_Video_N256_F0.030_k0.060_steps15000_fps30.mp4
---------------------
===== Job End =====
Mon May 12 10:37:46 PM CEST 2025
