Job ID: 57813446, Array Job ID: 57812667, Array Task ID: 23
Running on host: wn141.arnes.si
Allocated nodes: wn141
Number of tasks allocated by SLURM for this job step: 64
Number of CPUs on node: 64
Working directory: /d/hpc/home/ep6791/hpc/asgmnt04
Start time: Sat May 17 07:42:06 PM CEST 2025
Loading MPI module...
MPI module loaded.
Compiling MPI Code: gray_scott_mpi.c -> gray_scott_mpi
/cvmfs/sling.si/modules/el7/software/OpenMPI/4.1.6-GCC-13.2.0/bin/mpicc
Compilation successful.
-rwxr-xr-x 1 ep6791 ep6791 22080 May 17 19:42 gray_scott_mpi
----------------------------------------------------
Running Configuration:
  Grid Size (N_GLOBAL): 2048x2048
  Cores for mpirun (-np): 64
  SLURM_NTASKS available to job: 64
  Simulation Steps: 5000
  F: 0.060, k: 0.062
  Number of Runs: 5
----------------------------------------------------
  Run 1/5 for N=2048, Cores=64...
    Run 1 successful. Time: 11.998265 s
  Run 2/5 for N=2048, Cores=64...
    Run 2 successful. Time: 11.588873 s
  Run 3/5 for N=2048, Cores=64...
    Run 3 successful. Time: 11.769237 s
  Run 4/5 for N=2048, Cores=64...
    Run 4 successful. Time: 11.091087 s
  Run 5/5 for N=2048, Cores=64...
    Run 5 successful. Time: 11.548198 s
----------------------------------------------------
SUMMARY: N_GLOBAL=2048 CORES=64 AVG_TIME=11.5991 s (from 5 successful runs)
----------------------------------------------------
End time: Sat May 17 07:44:29 PM CEST 2025
