Job ID: 57812699, Array Job ID: 57812667, Array Task ID: 12
Running on host: wn141.arnes.si
Allocated nodes: wn141
Number of tasks allocated by SLURM for this job step: 64
Number of CPUs on node: 64
Working directory: /d/hpc/home/ep6791/hpc/asgmnt04
Start time: Sat May 17 06:58:28 PM CEST 2025
Loading MPI module...
MPI module loaded.
Compiling MPI Code: gray_scott_mpi.c -> gray_scott_mpi
/cvmfs/sling.si/modules/el7/software/OpenMPI/4.1.6-GCC-13.2.0/bin/mpicc
Compilation successful.
-rwxr-xr-x 1 ep6791 ep6791 22080 May 17 18:58 gray_scott_mpi
----------------------------------------------------
Running Configuration:
  Grid Size (N_GLOBAL): 1024x1024
  Cores for mpirun (-np): 1
  SLURM_NTASKS available to job: 64
  Simulation Steps: 5000
  F: 0.060, k: 0.062
  Number of Runs: 5
----------------------------------------------------
  Run 1/5 for N=1024, Cores=1...
    Run 1 successful. Time: 62.523205 s
  Run 2/5 for N=1024, Cores=1...
    Run 2 successful. Time: 62.574373 s
  Run 3/5 for N=1024, Cores=1...
    Run 3 successful. Time: 62.314589 s
  Run 4/5 for N=1024, Cores=1...
    Run 4 successful. Time: 62.489057 s
  Run 5/5 for N=1024, Cores=1...
    Run 5 successful. Time: 62.300440 s
----------------------------------------------------
SUMMARY: N_GLOBAL=1024 CORES=1 AVG_TIME=62.4403 s (from 5 successful runs)
----------------------------------------------------
End time: Sat May 17 07:03:57 PM CEST 2025
