Job ID: 57812691, Array Job ID: 57812667, Array Task ID: 9
Running on host: wn141.arnes.si
Allocated nodes: wn141
Number of tasks allocated by SLURM for this job step: 64
Number of CPUs on node: 64
Working directory: /d/hpc/home/ep6791/hpc/asgmnt04
Start time: Sat May 17 06:57:14 PM CEST 2025
Loading MPI module...
MPI module loaded.
Compiling MPI Code: gray_scott_mpi.c -> gray_scott_mpi
/cvmfs/sling.si/modules/el7/software/OpenMPI/4.1.6-GCC-13.2.0/bin/mpicc
Compilation successful.
-rwxr-xr-x 1 ep6791 ep6791 22080 May 17 18:57 gray_scott_mpi
----------------------------------------------------
Running Configuration:
  Grid Size (N_GLOBAL): 512x512
  Cores for mpirun (-np): 16
  SLURM_NTASKS available to job: 64
  Simulation Steps: 5000
  F: 0.060, k: 0.062
  Number of Runs: 5
----------------------------------------------------
  Run 1/5 for N=512, Cores=16...
    Run 1 successful. Time: 1.592859 s
  Run 2/5 for N=512, Cores=16...
    Run 2 successful. Time: 1.574740 s
  Run 3/5 for N=512, Cores=16...
    Run 3 successful. Time: 1.554920 s
  Run 4/5 for N=512, Cores=16...
    Run 4 successful. Time: 1.600247 s
  Run 5/5 for N=512, Cores=16...
    Run 5 successful. Time: 1.594685 s
----------------------------------------------------
SUMMARY: N_GLOBAL=512 CORES=16 AVG_TIME=1.58349 s (from 5 successful runs)
----------------------------------------------------
End time: Sat May 17 06:57:37 PM CEST 2025
