Job ID: 57810256, Array Job ID: 57810250, Array Task ID: 4
Running on host: wn141.arnes.si
Allocated nodes: wn141
Number of tasks allocated by SLURM for this job step: 64
Number of CPUs on node: 64
Working directory: /d/hpc/home/ep6791/hpc/asgmnt04
Start time: Sat May 17 05:14:47 PM CEST 2025
Loading MPI module...
MPI module loaded.
Compiling MPI Code: gray_scott_mpi.c -> gray_scott_mpi
/cvmfs/sling.si/modules/el7/software/OpenMPI/4.1.6-GCC-13.2.0/bin/mpicc
Compilation successful.
-rwxr-xr-x 1 ep6791 ep6791 22080 May 17 17:14 gray_scott_mpi
----------------------------------------------------
Running Configuration:
  Grid Size (N_GLOBAL): 256x256
  Cores for mpirun (-np): 32
  SLURM_NTASKS available to job: 64
  Simulation Steps: 5000
  F: 0.060, k: 0.062
  Number of Runs: 1
----------------------------------------------------
  Run 1/1 for N=256, Cores=32...
    Run 1 successful. Time: 0.366059 s
----------------------------------------------------
SUMMARY: N_GLOBAL=256 CORES=32 AVG_TIME=0.366059 s (from 1 successful runs)
----------------------------------------------------
End time: Sat May 17 05:14:55 PM CEST 2025
