Job ID: 57812669, Array Job ID: 57812667, Array Task ID: 1
Running on host: wn141.arnes.si
Allocated nodes: wn141
Number of tasks allocated by SLURM for this job step: 64
Number of CPUs on node: 64
Working directory: /d/hpc/home/ep6791/hpc/asgmnt04
Start time: Sat May 17 06:52:44 PM CEST 2025
Loading MPI module...
MPI module loaded.
Compiling MPI Code: gray_scott_mpi.c -> gray_scott_mpi
/cvmfs/sling.si/modules/el7/software/OpenMPI/4.1.6-GCC-13.2.0/bin/mpicc
Compilation successful.
-rwxr-xr-x 1 ep6791 ep6791 22080 May 17 18:52 gray_scott_mpi
----------------------------------------------------
Running Configuration:
  Grid Size (N_GLOBAL): 256x256
  Cores for mpirun (-np): 2
  SLURM_NTASKS available to job: 64
  Simulation Steps: 5000
  F: 0.060, k: 0.062
  Number of Runs: 5
----------------------------------------------------
  Run 1/5 for N=256, Cores=2...
    Run 1 successful. Time: 2.269053 s
  Run 2/5 for N=256, Cores=2...
    Run 2 successful. Time: 2.219287 s
  Run 3/5 for N=256, Cores=2...
    Run 3 successful. Time: 2.227302 s
  Run 4/5 for N=256, Cores=2...
    Run 4 successful. Time: 2.220557 s
  Run 5/5 for N=256, Cores=2...
    Run 5 successful. Time: 2.234637 s
----------------------------------------------------
SUMMARY: N_GLOBAL=256 CORES=2 AVG_TIME=2.23417 s (from 5 successful runs)
----------------------------------------------------
End time: Sat May 17 06:53:28 PM CEST 2025
