Loading module: CUDA
Compiling Sequential Code...
Compiling CUDA Code for sm_70...
nvcc warning : Support for offline compilation for architectures prior to '<compute/sm/lto>_75' will be removed in a future release (Use -Wno-deprecated-gpu-targets to suppress warning).
Compilation successful.
Created directories
====================================
GRID SIZE: 256x256
====================================
------------------------------------
PATTERN: Default (F=0.060, k=0.062)
------------------------------------
    Running gray_scott_seq: N=256, Steps=5000, Pattern=Default (F=0.060, k=0.062)
      Run 1/1...
        Run 1 successful. Time: 3.080417
        Checking for PGM: './gray_scott_seq_N256_steps5000_F0.060_k0.062_V.pgm'
        Found. Moving to 'sequential_results_patterns/outputs/gray_scott_seq_N256_steps5000_F0.060_k0.062_Default_V_run1.pgm'
    Finished gray_scott_seq Pattern Default for 256x256. Results: sequential_results_patterns/times/gray_scott_seq_256x256_Default_processed.txt
    Running gray_scott_cuda: N=256, Steps=5000, Pattern=Default (F=0.060, k=0.062)
      Run 1/1...
        Run 1 successful. Time: 0.028049
        Checking for PGM: './gray_scott_cuda_N256_steps5000_F0.060_k0.062_V.pgm'
        Found. Moving to 'cuda_results_patterns/outputs/gray_scott_cuda_N256_steps5000_F0.060_k0.062_Default_V_run1.pgm'
    Finished gray_scott_cuda Pattern Default for 256x256. Results: cuda_results_patterns/times/gray_scott_cuda_256x256_Default_processed.txt
------------------------------------
PATTERN: Flower (F=0.055, k=0.062)
------------------------------------
    Running gray_scott_seq: N=256, Steps=5000, Pattern=Flower (F=0.055, k=0.062)
      Run 1/1...
        Run 1 successful. Time: 3.693924
        Checking for PGM: './gray_scott_seq_N256_steps5000_F0.055_k0.062_V.pgm'
        Found. Moving to 'sequential_results_patterns/outputs/gray_scott_seq_N256_steps5000_F0.055_k0.062_Flower_V_run1.pgm'
    Finished gray_scott_seq Pattern Flower for 256x256. Results: sequential_results_patterns/times/gray_scott_seq_256x256_Flower_processed.txt
    Running gray_scott_cuda: N=256, Steps=5000, Pattern=Flower (F=0.055, k=0.062)
      Run 1/1...
        Run 1 successful. Time: 0.028007
        Checking for PGM: './gray_scott_cuda_N256_steps5000_F0.055_k0.062_V.pgm'
        Found. Moving to 'cuda_results_patterns/outputs/gray_scott_cuda_N256_steps5000_F0.055_k0.062_Flower_V_run1.pgm'
    Finished gray_scott_cuda Pattern Flower for 256x256. Results: cuda_results_patterns/times/gray_scott_cuda_256x256_Flower_processed.txt
------------------------------------
PATTERN: Mazes (F=0.029, k=0.057)
------------------------------------
    Running gray_scott_seq: N=256, Steps=5000, Pattern=Mazes (F=0.029, k=0.057)
      Run 1/1...
        Run 1 successful. Time: 3.790774
        Checking for PGM: './gray_scott_seq_N256_steps5000_F0.029_k0.057_V.pgm'
        Found. Moving to 'sequential_results_patterns/outputs/gray_scott_seq_N256_steps5000_F0.029_k0.057_Mazes_V_run1.pgm'
    Finished gray_scott_seq Pattern Mazes for 256x256. Results: sequential_results_patterns/times/gray_scott_seq_256x256_Mazes_processed.txt
    Running gray_scott_cuda: N=256, Steps=5000, Pattern=Mazes (F=0.029, k=0.057)
      Run 1/1...
        Run 1 successful. Time: 0.028041
        Checking for PGM: './gray_scott_cuda_N256_steps5000_F0.029_k0.057_V.pgm'
        Found. Moving to 'cuda_results_patterns/outputs/gray_scott_cuda_N256_steps5000_F0.029_k0.057_Mazes_V_run1.pgm'
    Finished gray_scott_cuda Pattern Mazes for 256x256. Results: cuda_results_patterns/times/gray_scott_cuda_256x256_Mazes_processed.txt
------------------------------------
PATTERN: Mitosis (F=0.028, k=0.062)
------------------------------------
    Running gray_scott_seq: N=256, Steps=5000, Pattern=Mitosis (F=0.028, k=0.062)
      Run 1/1...
        Run 1 successful. Time: 3.532046
        Checking for PGM: './gray_scott_seq_N256_steps5000_F0.028_k0.062_V.pgm'
        Found. Moving to 'sequential_results_patterns/outputs/gray_scott_seq_N256_steps5000_F0.028_k0.062_Mitosis_V_run1.pgm'
    Finished gray_scott_seq Pattern Mitosis for 256x256. Results: sequential_results_patterns/times/gray_scott_seq_256x256_Mitosis_processed.txt
    Running gray_scott_cuda: N=256, Steps=5000, Pattern=Mitosis (F=0.028, k=0.062)
      Run 1/1...
        Run 1 successful. Time: 0.028045
        Checking for PGM: './gray_scott_cuda_N256_steps5000_F0.028_k0.062_V.pgm'
        Found. Moving to 'cuda_results_patterns/outputs/gray_scott_cuda_N256_steps5000_F0.028_k0.062_Mitosis_V_run1.pgm'
    Finished gray_scott_cuda Pattern Mitosis for 256x256. Results: cuda_results_patterns/times/gray_scott_cuda_256x256_Mitosis_processed.txt
------------------------------------
PATTERN: Solitons (F=0.030, k=0.060)
------------------------------------
    Running gray_scott_seq: N=256, Steps=5000, Pattern=Solitons (F=0.030, k=0.060)
      Run 1/1...
        Run 1 successful. Time: 3.779031
        Checking for PGM: './gray_scott_seq_N256_steps5000_F0.030_k0.060_V.pgm'
        Found. Moving to 'sequential_results_patterns/outputs/gray_scott_seq_N256_steps5000_F0.030_k0.060_Solitons_V_run1.pgm'
    Finished gray_scott_seq Pattern Solitons for 256x256. Results: sequential_results_patterns/times/gray_scott_seq_256x256_Solitons_processed.txt
    Running gray_scott_cuda: N=256, Steps=5000, Pattern=Solitons (F=0.030, k=0.060)
      Run 1/1...
        Run 1 successful. Time: 0.028085
        Checking for PGM: './gray_scott_cuda_N256_steps5000_F0.030_k0.060_V.pgm'
        Found. Moving to 'cuda_results_patterns/outputs/gray_scott_cuda_N256_steps5000_F0.030_k0.060_Solitons_V_run1.pgm'
    Finished gray_scott_cuda Pattern Solitons for 256x256. Results: cuda_results_patterns/times/gray_scott_cuda_256x256_Solitons_processed.txt
====================================
GRID SIZE: 512x512
====================================
------------------------------------
PATTERN: Default (F=0.060, k=0.062)
------------------------------------
    Running gray_scott_seq: N=512, Steps=5000, Pattern=Default (F=0.060, k=0.062)
      Run 1/1...
        Run 1 successful. Time: 12.461697
        Checking for PGM: './gray_scott_seq_N512_steps5000_F0.060_k0.062_V.pgm'
        Found. Moving to 'sequential_results_patterns/outputs/gray_scott_seq_N512_steps5000_F0.060_k0.062_Default_V_run1.pgm'
    Finished gray_scott_seq Pattern Default for 512x512. Results: sequential_results_patterns/times/gray_scott_seq_512x512_Default_processed.txt
    Running gray_scott_cuda: N=512, Steps=5000, Pattern=Default (F=0.060, k=0.062)
      Run 1/1...
        Run 1 successful. Time: 0.060724
        Checking for PGM: './gray_scott_cuda_N512_steps5000_F0.060_k0.062_V.pgm'
        Found. Moving to 'cuda_results_patterns/outputs/gray_scott_cuda_N512_steps5000_F0.060_k0.062_Default_V_run1.pgm'
    Finished gray_scott_cuda Pattern Default for 512x512. Results: cuda_results_patterns/times/gray_scott_cuda_512x512_Default_processed.txt
------------------------------------
PATTERN: Flower (F=0.055, k=0.062)
------------------------------------
    Running gray_scott_seq: N=512, Steps=5000, Pattern=Flower (F=0.055, k=0.062)
      Run 1/1...
        Run 1 successful. Time: 12.537555
        Checking for PGM: './gray_scott_seq_N512_steps5000_F0.055_k0.062_V.pgm'
        Found. Moving to 'sequential_results_patterns/outputs/gray_scott_seq_N512_steps5000_F0.055_k0.062_Flower_V_run1.pgm'
    Finished gray_scott_seq Pattern Flower for 512x512. Results: sequential_results_patterns/times/gray_scott_seq_512x512_Flower_processed.txt
    Running gray_scott_cuda: N=512, Steps=5000, Pattern=Flower (F=0.055, k=0.062)
      Run 1/1...
        Run 1 successful. Time: 0.060614
        Checking for PGM: './gray_scott_cuda_N512_steps5000_F0.055_k0.062_V.pgm'
        Found. Moving to 'cuda_results_patterns/outputs/gray_scott_cuda_N512_steps5000_F0.055_k0.062_Flower_V_run1.pgm'
    Finished gray_scott_cuda Pattern Flower for 512x512. Results: cuda_results_patterns/times/gray_scott_cuda_512x512_Flower_processed.txt
------------------------------------
PATTERN: Mazes (F=0.029, k=0.057)
------------------------------------
    Running gray_scott_seq: N=512, Steps=5000, Pattern=Mazes (F=0.029, k=0.057)
      Run 1/1...
        Run 1 successful. Time: 12.448180
        Checking for PGM: './gray_scott_seq_N512_steps5000_F0.029_k0.057_V.pgm'
        Found. Moving to 'sequential_results_patterns/outputs/gray_scott_seq_N512_steps5000_F0.029_k0.057_Mazes_V_run1.pgm'
    Finished gray_scott_seq Pattern Mazes for 512x512. Results: sequential_results_patterns/times/gray_scott_seq_512x512_Mazes_processed.txt
    Running gray_scott_cuda: N=512, Steps=5000, Pattern=Mazes (F=0.029, k=0.057)
      Run 1/1...
        Run 1 successful. Time: 0.060871
        Checking for PGM: './gray_scott_cuda_N512_steps5000_F0.029_k0.057_V.pgm'
        Found. Moving to 'cuda_results_patterns/outputs/gray_scott_cuda_N512_steps5000_F0.029_k0.057_Mazes_V_run1.pgm'
    Finished gray_scott_cuda Pattern Mazes for 512x512. Results: cuda_results_patterns/times/gray_scott_cuda_512x512_Mazes_processed.txt
------------------------------------
PATTERN: Mitosis (F=0.028, k=0.062)
------------------------------------
    Running gray_scott_seq: N=512, Steps=5000, Pattern=Mitosis (F=0.028, k=0.062)
      Run 1/1...
        Run 1 successful. Time: 12.384871
        Checking for PGM: './gray_scott_seq_N512_steps5000_F0.028_k0.062_V.pgm'
        Found. Moving to 'sequential_results_patterns/outputs/gray_scott_seq_N512_steps5000_F0.028_k0.062_Mitosis_V_run1.pgm'
    Finished gray_scott_seq Pattern Mitosis for 512x512. Results: sequential_results_patterns/times/gray_scott_seq_512x512_Mitosis_processed.txt
    Running gray_scott_cuda: N=512, Steps=5000, Pattern=Mitosis (F=0.028, k=0.062)
      Run 1/1...
        Run 1 successful. Time: 0.060600
        Checking for PGM: './gray_scott_cuda_N512_steps5000_F0.028_k0.062_V.pgm'
        Found. Moving to 'cuda_results_patterns/outputs/gray_scott_cuda_N512_steps5000_F0.028_k0.062_Mitosis_V_run1.pgm'
    Finished gray_scott_cuda Pattern Mitosis for 512x512. Results: cuda_results_patterns/times/gray_scott_cuda_512x512_Mitosis_processed.txt
------------------------------------
PATTERN: Solitons (F=0.030, k=0.060)
------------------------------------
    Running gray_scott_seq: N=512, Steps=5000, Pattern=Solitons (F=0.030, k=0.060)
      Run 1/1...
        Run 1 successful. Time: 12.406157
        Checking for PGM: './gray_scott_seq_N512_steps5000_F0.030_k0.060_V.pgm'
        Found. Moving to 'sequential_results_patterns/outputs/gray_scott_seq_N512_steps5000_F0.030_k0.060_Solitons_V_run1.pgm'
    Finished gray_scott_seq Pattern Solitons for 512x512. Results: sequential_results_patterns/times/gray_scott_seq_512x512_Solitons_processed.txt
    Running gray_scott_cuda: N=512, Steps=5000, Pattern=Solitons (F=0.030, k=0.060)
      Run 1/1...
        Run 1 successful. Time: 0.061148
        Checking for PGM: './gray_scott_cuda_N512_steps5000_F0.030_k0.060_V.pgm'
        Found. Moving to 'cuda_results_patterns/outputs/gray_scott_cuda_N512_steps5000_F0.030_k0.060_Solitons_V_run1.pgm'
    Finished gray_scott_cuda Pattern Solitons for 512x512. Results: cuda_results_patterns/times/gray_scott_cuda_512x512_Solitons_processed.txt
====================================
GRID SIZE: 1024x1024
====================================
------------------------------------
PATTERN: Default (F=0.060, k=0.062)
------------------------------------
    Running gray_scott_seq: N=1024, Steps=5000, Pattern=Default (F=0.060, k=0.062)
      Run 1/1...
        Run 1 successful. Time: 65.884225
        Checking for PGM: './gray_scott_seq_N1024_steps5000_F0.060_k0.062_V.pgm'
        Found. Moving to 'sequential_results_patterns/outputs/gray_scott_seq_N1024_steps5000_F0.060_k0.062_Default_V_run1.pgm'
    Finished gray_scott_seq Pattern Default for 1024x1024. Results: sequential_results_patterns/times/gray_scott_seq_1024x1024_Default_processed.txt
    Running gray_scott_cuda: N=1024, Steps=5000, Pattern=Default (F=0.060, k=0.062)
      Run 1/1...
        Run 1 successful. Time: 0.266781
        Checking for PGM: './gray_scott_cuda_N1024_steps5000_F0.060_k0.062_V.pgm'
        Found. Moving to 'cuda_results_patterns/outputs/gray_scott_cuda_N1024_steps5000_F0.060_k0.062_Default_V_run1.pgm'
    Finished gray_scott_cuda Pattern Default for 1024x1024. Results: cuda_results_patterns/times/gray_scott_cuda_1024x1024_Default_processed.txt
------------------------------------
PATTERN: Flower (F=0.055, k=0.062)
------------------------------------
    Running gray_scott_seq: N=1024, Steps=5000, Pattern=Flower (F=0.055, k=0.062)
      Run 1/1...
        Run 1 successful. Time: 64.504742
        Checking for PGM: './gray_scott_seq_N1024_steps5000_F0.055_k0.062_V.pgm'
        Found. Moving to 'sequential_results_patterns/outputs/gray_scott_seq_N1024_steps5000_F0.055_k0.062_Flower_V_run1.pgm'
    Finished gray_scott_seq Pattern Flower for 1024x1024. Results: sequential_results_patterns/times/gray_scott_seq_1024x1024_Flower_processed.txt
    Running gray_scott_cuda: N=1024, Steps=5000, Pattern=Flower (F=0.055, k=0.062)
      Run 1/1...
        Run 1 successful. Time: 0.263791
        Checking for PGM: './gray_scott_cuda_N1024_steps5000_F0.055_k0.062_V.pgm'
        Found. Moving to 'cuda_results_patterns/outputs/gray_scott_cuda_N1024_steps5000_F0.055_k0.062_Flower_V_run1.pgm'
    Finished gray_scott_cuda Pattern Flower for 1024x1024. Results: cuda_results_patterns/times/gray_scott_cuda_1024x1024_Flower_processed.txt
------------------------------------
PATTERN: Mazes (F=0.029, k=0.057)
------------------------------------
    Running gray_scott_seq: N=1024, Steps=5000, Pattern=Mazes (F=0.029, k=0.057)
      Run 1/1...
        Run 1 successful. Time: 56.407082
        Checking for PGM: './gray_scott_seq_N1024_steps5000_F0.029_k0.057_V.pgm'
        Found. Moving to 'sequential_results_patterns/outputs/gray_scott_seq_N1024_steps5000_F0.029_k0.057_Mazes_V_run1.pgm'
    Finished gray_scott_seq Pattern Mazes for 1024x1024. Results: sequential_results_patterns/times/gray_scott_seq_1024x1024_Mazes_processed.txt
    Running gray_scott_cuda: N=1024, Steps=5000, Pattern=Mazes (F=0.029, k=0.057)
      Run 1/1...
        Run 1 successful. Time: 0.264375
        Checking for PGM: './gray_scott_cuda_N1024_steps5000_F0.029_k0.057_V.pgm'
        Found. Moving to 'cuda_results_patterns/outputs/gray_scott_cuda_N1024_steps5000_F0.029_k0.057_Mazes_V_run1.pgm'
    Finished gray_scott_cuda Pattern Mazes for 1024x1024. Results: cuda_results_patterns/times/gray_scott_cuda_1024x1024_Mazes_processed.txt
------------------------------------
PATTERN: Mitosis (F=0.028, k=0.062)
------------------------------------
    Running gray_scott_seq: N=1024, Steps=5000, Pattern=Mitosis (F=0.028, k=0.062)
      Run 1/1...
        Run 1 successful. Time: 59.559866
        Checking for PGM: './gray_scott_seq_N1024_steps5000_F0.028_k0.062_V.pgm'
        Found. Moving to 'sequential_results_patterns/outputs/gray_scott_seq_N1024_steps5000_F0.028_k0.062_Mitosis_V_run1.pgm'
    Finished gray_scott_seq Pattern Mitosis for 1024x1024. Results: sequential_results_patterns/times/gray_scott_seq_1024x1024_Mitosis_processed.txt
    Running gray_scott_cuda: N=1024, Steps=5000, Pattern=Mitosis (F=0.028, k=0.062)
      Run 1/1...
        Run 1 successful. Time: 0.265442
        Checking for PGM: './gray_scott_cuda_N1024_steps5000_F0.028_k0.062_V.pgm'
        Found. Moving to 'cuda_results_patterns/outputs/gray_scott_cuda_N1024_steps5000_F0.028_k0.062_Mitosis_V_run1.pgm'
    Finished gray_scott_cuda Pattern Mitosis for 1024x1024. Results: cuda_results_patterns/times/gray_scott_cuda_1024x1024_Mitosis_processed.txt
------------------------------------
PATTERN: Solitons (F=0.030, k=0.060)
------------------------------------
    Running gray_scott_seq: N=1024, Steps=5000, Pattern=Solitons (F=0.030, k=0.060)
      Run 1/1...
        Run 1 successful. Time: 58.943621
        Checking for PGM: './gray_scott_seq_N1024_steps5000_F0.030_k0.060_V.pgm'
        Found. Moving to 'sequential_results_patterns/outputs/gray_scott_seq_N1024_steps5000_F0.030_k0.060_Solitons_V_run1.pgm'
    Finished gray_scott_seq Pattern Solitons for 1024x1024. Results: sequential_results_patterns/times/gray_scott_seq_1024x1024_Solitons_processed.txt
    Running gray_scott_cuda: N=1024, Steps=5000, Pattern=Solitons (F=0.030, k=0.060)
      Run 1/1...
        Run 1 successful. Time: 0.263730
        Checking for PGM: './gray_scott_cuda_N1024_steps5000_F0.030_k0.060_V.pgm'
        Found. Moving to 'cuda_results_patterns/outputs/gray_scott_cuda_N1024_steps5000_F0.030_k0.060_Solitons_V_run1.pgm'
    Finished gray_scott_cuda Pattern Solitons for 1024x1024. Results: cuda_results_patterns/times/gray_scott_cuda_1024x1024_Solitons_processed.txt
====================================
All Benchmarking Completed.
Sequential Results: sequential_results_patterns
CUDA Results: cuda_results_patterns
====================================
